<?xml version="1.0" encoding="UTF-8"?>
<!-- Generated by org.testng.reporters.JUnitXMLReporter -->
<testsuite ignored="0" hostname="DESKTOP-NBIKP70" failures="0" tests="3" name="Test" time="2.279" errors="0" timestamp="2023-02-13T15:44:41 EET">
  <testcase classname="example.NewTest" name="testExchangeRatesContainsGBP_USD" time="1.387"/>
  <testcase classname="example.NewTest" name="testExchangeRatesGreaterThan20" time="0.438"/>
  <testcase classname="example.NewTest" name="testNumberOfElementsAndRateAbbreviations" time="0.437"/>
</testsuite> <!-- Test -->
