<?xml version="1.0" encoding="UTF-8"?>
<testsuite xmlns:xsi="http://www.w3.org/2001/XMLSchema-instance" xsi:noNamespaceSchemaLocation="https://maven.apache.org/surefire/maven-surefire-plugin/xsd/surefire-test-report-3.0.xsd" version="3.0" name="TestSuite" time="2.515" tests="3" errors="0" skipped="0" failures="0">
  <properties>
[...]
</properties>
  <testcase name="testExchangeRatesContainsGBP_USD" classname="example.NewTest" time="1.389">
    <system-out><![CDATA[HTTP/1.1 200 OK
{
    "success": true,
    "timestamp": 1676295843,
    "base": "EUR",
    "date": "2023-02-13",
    "rates": {
        "AED": 3.923841,
        "AFN": 95.840827,
        "ALL": 116.189671,
        "AMD": 421.64163,
        "ANG": 1.925441,
        "AOA": 538.755192,
        "ARS": 204.73784,
        "AUD": 1.540369,
        "AWG": 1.922912,
        "AZN": 1.81315,
        "BAM": 1.957313,
        "BBD": 2.157194,
        "BDT": 114.210305,
        "BGN": 1.953059,
        "BHD": 0.402764,
        "BIF": 2211.076431,
        "BMD": 1.068284,
        "BND": 1.423765,
        "BOB": 7.382456,
        "BRL": 5.567258,
        "BSD": 1.06839,
        "BTC": 4.9355222e-05,
        "BTN": 88.325013,
        "BWP": 14.021121,
        "BYN": 2.697244,
        "BYR": 20938.3755,
        "BZD": 2.153562,
        "CAD": 1.426774,
        "CDF": 2184.641817,
        "CHF": 0.985759,
        "CLF": 0.030785,
        "CLP": 849.596191,
        "CNY": 7.291787,
        "COP": 5120.105829,
        "CRC": 615.134586,
        "CUC": 1.068284,
        "CUP": 28.309538,
        "CVE": 110.361537,
        "CZK": 23.757045,
        "DJF": 190.630691,
        "DKK": 7.44904,
        "DOP": 60.095411,
        "DZD": 146.103934,
        "EGP": 32.636413,
        "ERN": 16.024267,
        "ETB": 57.550908,
        "EUR": 1,
        "FJD": 2.331528,
        "FKP": 0.885558,
        "GBP": 0.883012,
        "GEL": 2.847041,
        "GGP": 0.885558,
        "GHS": 13.088001,
        "GIP": 0.885558,
        "GMD": 65.218377,
        "GNF": 9156.109156,
        "GTQ": 8.375764,
        "GYD": 225.433982,
        "HKD": 8.386231,
        "HNL": 26.250259,
        "HRK": 7.527968,
        "HTG": 160.047275,
        "HUF": 384.930659,
        "IDR": 16265.165111,
        "ILS": 3.779793,
        "IMP": 0.885558,
        "INR": 88.347713,
        "IQD": 1559.282313,
        "IRR": 45135.018307,
        "ISK": 153.106091,
        "JEP": 0.885558,
        "JMD": 164.715725,
        "JOD": 0.758692,
        "JPY": 141.661972,
        "KES": 133.813145,
        "KGS": 92.695404,
        "KHR": 4373.993806,
        "KMF": 493.007096,
        "KPW": 961.456018,
        "KRW": 1365.470596,
        "KWD": 0.327012,
        "KYD": 0.890366,
        "KZT": 482.75228,
        "LAK": 18004.874177,
        "LBP": 16036.250821,
        "LKR": 389.958631,
        "LRD": 167.988195,
        "LSL": 19.120895,
        "LTL": 3.154366,
        "LVL": 0.646194,
        "LYD": 5.116377,
        "MAD": 10.986825,
        "MDL": 20.032279,
        "MGA": 4615.317135,
        "MKD": 61.662589,
        "MMK": 2243.597225,
        "MNT": 3749.377389,
        "MOP": 8.638265,
        "MRO": 381.37737,
        "MUR": 48.97562,
        "MVR": 16.408937,
        "MWK": 1096.632945,
        "MXN": 19.943805,
        "MYR": 4.660394,
        "MZN": 67.409111,
        "NAD": 19.122321,
        "NGN": 491.941563,
        "NIO": 39.18369,
        "NOK": 10.832063,
        "NPR": 141.319758,
        "NZD": 1.685374,
        "OMR": 0.410743,
        "PAB": 1.06839,
        "PEN": 4.099164,
        "PGK": 3.7645,
        "PHP": 58.524365,
        "PKR": 285.257376,
        "PLN": 4.78899,
        "PYG": 7780.149546,
        "QAR": 3.889356,
        "RON": 4.902992,
        "RSD": 117.351123,
        "RUB": 78.652459,
        "RWF": 1159.468557,
        "SAR": 4.008803,
        "SBD": 8.771808,
        "SCR": 14.172733,
        "SDG": 624.459251,
        "SEK": 11.159657,
        "SGD": 1.422982,
        "SHP": 1.471453,
        "SLE": 21.082671,
        "SLL": 21071.911193,
        "SOS": 607.320561,
        "SRD": 34.555773,
        "STD": 22111.331553,
        "SVC": 9.349084,
        "SYP": 2684.096115,
        "SZL": 19.229641,
        "THB": 36.193818,
        "TJS": 11.128535,
        "TMT": 3.749678,
        "TND": 3.344801,
        "TOP": 2.49642,
        "TRY": 20.130581,
        "TTD": 7.254761,
        "TWD": 32.323941,
        "TZS": 2498.716904,
        "UAH": 39.264852,
        "UGX": 3913.465325,
        "USD": 1.068284,
        "UYU": 41.800282,
        "UZS": 12113.912487,
        "VEF": 2579185.837555,
        "VES": 25.818835,
        "VND": 25216.85478,
        "VUV": 124.047304,
        "WST": 2.864048,
        "XAF": 656.445187,
        "XAG": 0.048699,
        "XAU": 0.000575,
        "XCD": 2.887092,
        "XDR": 0.797393,
        "XOF": 656.463636,
        "XPF": 119.914973,
        "YER": 267.4453,
        "ZAR": 19.208663,
        "ZMK": 9615.834491,
        "ZMW": 20.593493,
        "ZWL": 343.987162
    }
}

]]></system-out>
  </testcase>
  <testcase name="testExchangeRatesGreaterThan20" classname="example.NewTest" time="0.435"/>
  <testcase name="testNumberOfElementsAndRateAbbreviations" classname="example.NewTest" time="0.437">
    <system-out><![CDATA[Number of rates found: 170
Rate abbreviations: [AED, AFN, ALL, AMD, ANG, AOA, ARS, AUD, AWG, AZN, BAM, BBD, BDT, BGN, BHD, BIF, BMD, BND, BOB, BRL, BSD, BTC, BTN, BWP, BYN, BYR, BZD, CAD, CDF, CHF, CLF, CLP, CNY, COP, CRC, CUC, CUP, CVE, CZK, DJF, DKK, DOP, DZD, EGP, ERN, ETB, EUR, FJD, FKP, GBP, GEL, GGP, GHS, GIP, GMD, GNF, GTQ, GYD, HKD, HNL, HRK, HTG, HUF, IDR, ILS, IMP, INR, IQD, IRR, ISK, JEP, JMD, JOD, JPY, KES, KGS, KHR, KMF, KPW, KRW, KWD, KYD, KZT, LAK, LBP, LKR, LRD, LSL, LTL, LVL, LYD, MAD, MDL, MGA, MKD, MMK, MNT, MOP, MRO, MUR, MVR, MWK, MXN, MYR, MZN, NAD, NGN, NIO, NOK, NPR, NZD, OMR, PAB, PEN, PGK, PHP, PKR, PLN, PYG, QAR, RON, RSD, RUB, RWF, SAR, SBD, SCR, SDG, SEK, SGD, SHP, SLE, SLL, SOS, SRD, STD, SVC, SYP, SZL, THB, TJS, TMT, TND, TOP, TRY, TTD, TWD, TZS, UAH, UGX, USD, UYU, UZS, VEF, VES, VND, VUV, WST, XAF, XAG, XAU, XCD, XDR, XOF, XPF, YER, ZAR, ZMK, ZMW, ZWL]
]]></system-out>
  </testcase>
</testsuite>