<?xml version="1.0" encoding="UTF-8"?>
<testng-results ignored="0" total="3" passed="3" failed="0" skipped="0">
  <reporter-output>
  </reporter-output>
  <suite started-at="2023-02-13T15:44:39 EET" name="Suite" finished-at="2023-02-13T15:44:41 EET" duration-ms="2279">
    <groups>
    </groups>
    <test started-at="2023-02-13T15:44:39 EET" name="Test" finished-at="2023-02-13T15:44:41 EET" duration-ms="2279">
      <class name="example.NewTest">
        <test-method signature="testExchangeRatesContainsGBP_USD()[pri:0, instance:example.NewTest@7722c3c3]" started-at="2023-02-13T15:44:39 EET" name="testExchangeRatesContainsGBP_USD" finished-at="2023-02-13T15:44:40 EET" duration-ms="1387" status="PASS">
          <reporter-output>
          </reporter-output>
        </test-method> <!-- testExchangeRatesContainsGBP_USD -->
        <test-method signature="testExchangeRatesGreaterThan20()[pri:0, instance:example.NewTest@7722c3c3]" started-at="2023-02-13T15:44:40 EET" name="testExchangeRatesGreaterThan20" finished-at="2023-02-13T15:44:41 EET" duration-ms="438" status="PASS">
          <reporter-output>
          </reporter-output>
        </test-method> <!-- testExchangeRatesGreaterThan20 -->
        <test-method signature="testNumberOfElementsAndRateAbbreviations()[pri:0, instance:example.NewTest@7722c3c3]" started-at="2023-02-13T15:44:41 EET" name="testNumberOfElementsAndRateAbbreviations" finished-at="2023-02-13T15:44:41 EET" duration-ms="437" status="PASS">
          <reporter-output>
          </reporter-output>
        </test-method> <!-- testNumberOfElementsAndRateAbbreviations -->
      </class> <!-- example.NewTest -->
    </test> <!-- Test -->
  </suite> <!-- Suite -->
</testng-results>
